[debug] [2024-02-16T16:37:02.012Z] ----------------------------------------------------------------------
[debug] [2024-02-16T16:37:02.015Z] Command:       C:\Program Files\nodejs\node.exe C:\Users\potez\AppData\Roaming\npm\node_modules\firebase-tools\lib\bin\firebase.js init
[debug] [2024-02-16T16:37:02.015Z] CLI Version:   13.3.0
[debug] [2024-02-16T16:37:02.015Z] Platform:      win32
[debug] [2024-02-16T16:37:02.015Z] Node Version:  v20.11.0
[debug] [2024-02-16T16:37:02.015Z] Time:          Fri Feb 16 2024 17:37:02 GMT+0100 (Central European Standard Time)
[debug] [2024-02-16T16:37:02.016Z] ----------------------------------------------------------------------
[debug] 
[debug] [2024-02-16T16:37:02.022Z] > command requires scopes: ["email","openid","https://www.googleapis.com/auth/cloudplatformprojects.readonly","https://www.googleapis.com/auth/firebase","https://www.googleapis.com/auth/cloud-platform"]
[debug] [2024-02-16T16:37:02.022Z] > authorizing via signed-in user (sa.potezica@gmail.com)
[info] 
     ######## #### ########  ######## ########     ###     ######  ########
     ##        ##  ##     ## ##       ##     ##  ##   ##  ##       ##
     ######    ##  ########  ######   ########  #########  ######  ######
     ##        ##  ##    ##  ##       ##     ## ##     ##       ## ##
     ##       #### ##     ## ######## ########  ##     ##  ######  ########

You're about to initialize a Firebase project in this directory:

  C:\Users\potez\OneDrive\Desktop\Workspace\Work\Projects\portfolio\real-estate

[info] 
=== Project Setup
[info] 
[info] First, let's associate this project directory with a Firebase project.
[info] You can create multiple project aliases by running firebase use --add, 
[info] but for now we'll just set up a default project.
[info] 
[debug] [2024-02-16T16:37:10.938Z] > refreshing access token with scopes: []
[debug] [2024-02-16T16:37:10.939Z] >>> [apiv2][query] POST https://www.googleapis.com/oauth2/v3/token [none]
[debug] [2024-02-16T16:37:10.939Z] >>> [apiv2][body] POST https://www.googleapis.com/oauth2/v3/token [omitted]
[debug] [2024-02-16T16:37:11.165Z] <<< [apiv2][status] POST https://www.googleapis.com/oauth2/v3/token 200
[debug] [2024-02-16T16:37:11.165Z] <<< [apiv2][body] POST https://www.googleapis.com/oauth2/v3/token [omitted]
[debug] [2024-02-16T16:37:11.177Z] >>> [apiv2][query] GET https://firebase.googleapis.com/v1beta1/projects pageSize=100
[debug] [2024-02-16T16:37:11.755Z] <<< [apiv2][status] GET https://firebase.googleapis.com/v1beta1/projects 200
[debug] [2024-02-16T16:37:11.755Z] <<< [apiv2][body] GET https://firebase.googleapis.com/v1beta1/projects [omitted]
[debug] [2024-02-16T16:37:36.751Z] ----------------------------------------------------------------------
[debug] [2024-02-16T16:37:36.753Z] Command:       C:\Program Files\nodejs\node.exe C:\Users\potez\AppData\Roaming\npm\node_modules\firebase-tools\lib\bin\firebase.js init
[debug] [2024-02-16T16:37:36.754Z] CLI Version:   13.3.0
[debug] [2024-02-16T16:37:36.754Z] Platform:      win32
[debug] [2024-02-16T16:37:36.754Z] Node Version:  v20.11.0
[debug] [2024-02-16T16:37:36.754Z] Time:          Fri Feb 16 2024 17:37:36 GMT+0100 (Central European Standard Time)
[debug] [2024-02-16T16:37:36.754Z] ----------------------------------------------------------------------
[debug] 
[debug] [2024-02-16T16:37:36.760Z] > command requires scopes: ["email","openid","https://www.googleapis.com/auth/cloudplatformprojects.readonly","https://www.googleapis.com/auth/firebase","https://www.googleapis.com/auth/cloud-platform"]
[debug] [2024-02-16T16:37:36.761Z] > authorizing via signed-in user (sa.potezica@gmail.com)
[info] 
     ######## #### ########  ######## ########     ###     ######  ########
     ##        ##  ##     ## ##       ##     ##  ##   ##  ##       ##
     ######    ##  ########  ######   ########  #########  ######  ######
     ##        ##  ##    ##  ##       ##     ## ##     ##       ## ##
     ##       #### ##     ## ######## ########  ##     ##  ######  ########

You're about to initialize a Firebase project in this directory:

  C:\Users\potez\OneDrive\Desktop\Workspace\Work\Projects\portfolio\real-estate

[info] 
=== Project Setup
[info] 
[info] First, let's associate this project directory with a Firebase project.
[info] You can create multiple project aliases by running firebase use --add, 
[info] but for now we'll just set up a default project.
[info] 
[info] i  If you want to create a project in a Google Cloud organization or folder, please use "firebase projects:create" instead, and return to this command when you've created the project. 
[debug] [2024-02-16T16:38:07.909Z] >>> [apiv2][query] POST https://cloudresourcemanager.googleapis.com/v1/projects [none]
[debug] [2024-02-16T16:38:07.909Z] >>> [apiv2][body] POST https://cloudresourcemanager.googleapis.com/v1/projects {"projectId":"sp-real-estate","name":"sp-real-estate"}
[debug] [2024-02-16T16:38:08.827Z] <<< [apiv2][status] POST https://cloudresourcemanager.googleapis.com/v1/projects 409
[debug] [2024-02-16T16:38:08.827Z] <<< [apiv2][body] POST https://cloudresourcemanager.googleapis.com/v1/projects {"error":{"code":409,"message":"Requested entity already exists","status":"ALREADY_EXISTS"}}
[debug] [2024-02-16T16:38:08.829Z] FirebaseError: HTTP Error: 409, Requested entity already exists
    at responseToError (C:\Users\potez\AppData\Roaming\npm\node_modules\firebase-tools\lib\responseToError.js:49:12)
    at RetryOperation._fn (C:\Users\potez\AppData\Roaming\npm\node_modules\firebase-tools\lib\apiv2.js:292:77)
    at process.processTicksAndRejections (node:internal/process/task_queues:95:5)
[error] 
[error] Error: Failed to create project because there is already a project with ID sp-real-estate. Please try again with a unique project ID.
